Using pre-set license
Built from '2021.3/staging' branch; Version is '2021.3.2f1 (d6360bedb9a0) revision 14038539'; Using compiler version '192829333'; Build Type 'Release'
OS: 'Windows 10  (10.0.19043) 64bit Core' Language: 'ja' Physical Memory: 16302 MB
BatchMode: 1, IsHumanControllingUs: 0, StartBugReporterOnCrash: 0, Is64bit: 1, IsPro: 1

COMMAND LINE ARGUMENTS:
D:\unity\2021.3.2f1\Editor\Unity.exe
-adb2
-batchMode
-noUpm
-name
AssetImportWorker5
-projectPath
D:/unity/Akutoku/ADU/ADU
-logFile
Logs/AssetImportWorker5.log
-srvPort
54957
Successfully changed project path to: D:/unity/Akutoku/ADU/ADU
D:/unity/Akutoku/ADU/ADU
[UnityMemory] Configuration Parameters - Can be set up in boot.config
    "memorysetup-bucket-allocator-granularity=16"
    "memorysetup-bucket-allocator-bucket-count=8"
    "memorysetup-bucket-allocator-block-size=33554432"
    "memorysetup-bucket-allocator-block-count=8"
    "memorysetup-main-allocator-block-size=16777216"
    "memorysetup-thread-allocator-block-size=16777216"
    "memorysetup-gfx-main-allocator-block-size=16777216"
    "memorysetup-gfx-thread-allocator-block-size=16777216"
    "memorysetup-cache-allocator-block-size=4194304"
    "memorysetup-typetree-allocator-block-size=2097152"
    "memorysetup-profiler-bucket-allocator-granularity=16"
    "memorysetup-profiler-bucket-allocator-bucket-count=8"
    "memorysetup-profiler-bucket-allocator-block-size=33554432"
    "memorysetup-profiler-bucket-allocator-block-count=8"
    "memorysetup-profiler-allocator-block-size=16777216"
    "memorysetup-profiler-editor-allocator-block-size=1048576"
    "memorysetup-temp-allocator-size-main=16777216"
    "memorysetup-job-temp-allocator-block-size=2097152"
    "memorysetup-job-temp-allocator-block-size-background=1048576"
    "memorysetup-job-temp-allocator-reduction-small-platforms=262144"
    "memorysetup-temp-allocator-size-background-worker=32768"
    "memorysetup-temp-allocator-size-job-worker=262144"
    "memorysetup-temp-allocator-size-preload-manager=33554432"
    "memorysetup-temp-allocator-size-nav-mesh-worker=65536"
    "memorysetup-temp-allocator-size-audio-worker=65536"
    "memorysetup-temp-allocator-size-cloud-worker=32768"
    "memorysetup-temp-allocator-size-gi-baking-worker=262144"
    "memorysetup-temp-allocator-size-gfx=262144"
Refreshing native plugins compatible for Editor in 112.05 ms, found 3 plugins.
Preloading 0 native plugins for Editor in 0.00 ms.
Initialize engine version: 2021.3.2f1 (d6360bedb9a0)
[Subsystems] Discovering subsystems at path D:/unity/2021.3.2f1/Editor/Data/Resources/UnitySubsystems
[Subsystems] Discovering subsystems at path D:/unity/Akutoku/ADU/ADU/Assets
GfxDevice: creating device client; threaded=0; jobified=0
Direct3D:
    Version:  Direct3D 11.0 [level 11.1]
    Renderer: NVIDIA GeForce GTX 1660 SUPER (ID=0x21c4)
    Vendor:   NVIDIA
    VRAM:     5992 MB
    Driver:   30.0.15.1295
Initialize mono
Mono path[0] = 'D:/unity/2021.3.2f1/Editor/Data/Managed'
Mono path[1] = 'D:/unity/2021.3.2f1/Editor/Data/MonoBleedingEdge/lib/mono/unityjit-win32'
Mono config path = 'D:/unity/2021.3.2f1/Editor/Data/MonoBleedingEdge/etc'
Using monoOptions --debugger-agent=transport=dt_socket,embedding=1,server=y,suspend=n,address=127.0.0.1:56976
Begin MonoManager ReloadAssembly
Registering precompiled unity dll's ...
Register platform support module: D:/unity/2021.3.2f1/Editor/Data/PlaybackEngines/WindowsStandaloneSupport/UnityEditor.WindowsStandalone.Extensions.dll
Registered in 0.002551 seconds.
Native extension for WindowsStandalone target not found
Refreshing native plugins compatible for Editor in 123.57 ms, found 3 plugins.
Preloading 0 native plugins for Editor in 0.00 ms.
Mono: successfully reloaded assembly
- Completed reload, in  0.640 seconds
Domain Reload Profiling:
	ReloadAssembly (640ms)
		BeginReloadAssembly (73ms)
			ExecutionOrderSort (0ms)
			DisableScriptedObjects (0ms)
			BackupInstance (0ms)
			ReleaseScriptingObjects (0ms)
			CreateAndSetChildDomain (1ms)
		EndReloadAssembly (462ms)
			LoadAssemblies (73ms)
			RebuildTransferFunctionScriptingTraits (0ms)
			SetupTypeCache (102ms)
			ReleaseScriptCaches (0ms)
			RebuildScriptCaches (27ms)
			SetupLoadedEditorAssemblies (288ms)
				LogAssemblyErrors (0ms)
				InitializePlatformSupportModulesInManaged (6ms)
				SetLoadedEditorAssemblies (0ms)
				RefreshPlugins (124ms)
				BeforeProcessingInitializeOnLoad (1ms)
				ProcessInitializeOnLoadAttributes (112ms)
				ProcessInitializeOnLoadMethodAttributes (44ms)
				AfterProcessingInitializeOnLoad (0ms)
				EditorAssembliesLoaded (0ms)
			ExecutionOrderSort2 (0ms)
			AwakeInstancesAfterBackupRestoration (0ms)
Platform modules already initialized, skipping
Registering precompiled user dll's ...
Registered in 0.006542 seconds.
Begin MonoManager ReloadAssembly
Symbol file LoadedFromMemory doesn't match image D:\unity\Akutoku\ADU\ADU\Library\PackageCache\com.unity.visualscripting@1.7.6\Editor\VisualScripting.Core\Dependencies\YamlDotNet\Unity.VisualScripting.YamlDotNet.dll
Symbol file LoadedFromMemory doesn't match image D:\unity\Akutoku\ADU\ADU\Library\PackageCache\com.unity.visualscripting@1.7.6\Editor\VisualScripting.Core\Dependencies\DotNetZip\Unity.VisualScripting.IonicZip.dll
Native extension for WindowsStandalone target not found
Refreshing native plugins compatible for Editor in 108.13 ms, found 3 plugins.
Preloading 0 native plugins for Editor in 0.00 ms.
Mono: successfully reloaded assembly
- Completed reload, in  1.272 seconds
Domain Reload Profiling:
	ReloadAssembly (1273ms)
		BeginReloadAssembly (130ms)
			ExecutionOrderSort (0ms)
			DisableScriptedObjects (10ms)
			BackupInstance (0ms)
			ReleaseScriptingObjects (0ms)
			CreateAndSetChildDomain (19ms)
		EndReloadAssembly (1039ms)
			LoadAssemblies (100ms)
			RebuildTransferFunctionScriptingTraits (0ms)
			SetupTypeCache (289ms)
			ReleaseScriptCaches (1ms)
			RebuildScriptCaches (73ms)
			SetupLoadedEditorAssemblies (552ms)
				LogAssemblyErrors (0ms)
				InitializePlatformSupportModulesInManaged (3ms)
				SetLoadedEditorAssemblies (0ms)
				RefreshPlugins (108ms)
				BeforeProcessingInitializeOnLoad (95ms)
				ProcessInitializeOnLoadAttributes (256ms)
				ProcessInitializeOnLoadMethodAttributes (87ms)
				AfterProcessingInitializeOnLoad (4ms)
				EditorAssembliesLoaded (0ms)
			ExecutionOrderSort2 (0ms)
			AwakeInstancesAfterBackupRestoration (8ms)
Platform modules already initialized, skipping
========================================================================
Worker process is ready to serve import requests
Launched and connected shader compiler UnityShaderCompiler.exe after 0.34 seconds
Refreshing native plugins compatible for Editor in 0.96 ms, found 3 plugins.
Preloading 0 native plugins for Editor in 0.00 ms.
Unloading 6140 Unused Serialized files (Serialized files now loaded: 0)
Unloading 51 unused Assets / (2.4 MB). Loaded Objects now: 6585.
Memory consumption went from 261.2 MB to 258.9 MB.
Total: 4.296300 ms (FindLiveObjects: 0.474900 ms CreateObjectMapping: 0.474600 ms MarkObjects: 2.716700 ms  DeleteObjects: 0.629400 ms)

AssetImportParameters requested are different than current active one (requested -> active):
  custom:video-decoder-ogg-theora: a1e56fd34408186e4bbccfd4996cb3dc -> 
  custom:container-muxer-webm: aa71ff27fc2769a1b78a27578f13a17b -> 
  custom:container-demuxer-webm: 4f35f7cbe854078d1ac9338744f61a02 -> 
  custom:video-encoder-webm-vp8: eb34c28f22e8b96e1ab97ce403110664 -> 
  custom:video-codec-MediaFoundation-h265: 746d11721c4dcdbdad8f713fa42b33f4 -> 
  custom:audio-encoder-webm-vorbis: bf7c407c2cedff20999df2af8eb42d56 -> 
  custom:framework-win-MediaFoundation: 216162199b28c13a410421893ffa2e32 -> 
  custom:container-demuxer-ogg: 62fdf1f143b41e24485cea50d1cbac27 -> 
  custom:video-decoder-webm-vp8: 9c59270c3fd7afecdb556c50c9e8de78 -> 
  custom:audio-decoder-ogg-vorbis: bf7c407c2cedff20999df2af8eb42d56 -> 
========================================================================
Received Import Request.
  Time since last request: 37715.636155 seconds.
  path: Assets/FungusExamples/Sherlock/Portraits/Sherlock/deduction.png
  artifactKey: Guid(529a0cc84e8173a4d8f60e222d904cdb) Importer(815301076,1909f56bfc062723c751e8b465ee728b)
Start importing Assets/FungusExamples/Sherlock/Portraits/Sherlock/deduction.png using Guid(529a0cc84e8173a4d8f60e222d904cdb) Importer(815301076,1909f56bfc062723c751e8b465ee728b)  -> (artifact id: '44690db681050907f5bbbdd2e3590611') in 0.917232 seconds 
========================================================================
Received Import Request.
  Time since last request: 0.000030 seconds.
  path: Assets/FungusExamples/Sherlock/Portraits/Sherlock/excited.png
  artifactKey: Guid(7497fd82318972540af8666a234a9685) Importer(815301076,1909f56bfc062723c751e8b465ee728b)
Start importing Assets/FungusExamples/Sherlock/Portraits/Sherlock/excited.png using Guid(7497fd82318972540af8666a234a9685) Importer(815301076,1909f56bfc062723c751e8b465ee728b)  -> (artifact id: '57bd8a27c40e3445f8a77a1c4928c664') in 0.398748 seconds 
========================================================================
Received Import Request.
  Time since last request: 0.000028 seconds.
  path: Assets/Sprite/GakuseMini/igaku2.png
  artifactKey: Guid(997db133d2367bc41820af9cb7dadcb0) Importer(815301076,1909f56bfc062723c751e8b465ee728b)
Start importing Assets/Sprite/GakuseMini/igaku2.png using Guid(997db133d2367bc41820af9cb7dadcb0) Importer(815301076,1909f56bfc062723c751e8b465ee728b)  -> (artifact id: '170d4e9b66ee0f17d1c7534896fa01e2') in 0.025382 seconds 
========================================================================
Received Import Request.
  Time since last request: 0.000023 seconds.
  path: Assets/FungusExamples/FungusTown/Sprites/FungusTown_1.png
  artifactKey: Guid(76a1572c73453431aacb9f1f816e1fed) Importer(815301076,1909f56bfc062723c751e8b465ee728b)
Start importing Assets/FungusExamples/FungusTown/Sprites/FungusTown_1.png using Guid(76a1572c73453431aacb9f1f816e1fed) Importer(815301076,1909f56bfc062723c751e8b465ee728b)  -> (artifact id: '5b52f85415618f8fa0807fee18d05861') in 0.600227 seconds 
========================================================================
Received Import Request.
  Time since last request: 0.000023 seconds.
  path: Assets/Sprite/GakuseMini/otaku.png
  artifactKey: Guid(d7437a60594f21047ba1797e39f3e8aa) Importer(815301076,1909f56bfc062723c751e8b465ee728b)
Start importing Assets/Sprite/GakuseMini/otaku.png using Guid(d7437a60594f21047ba1797e39f3e8aa) Importer(815301076,1909f56bfc062723c751e8b465ee728b)  -> (artifact id: 'b522ced284e4ce31be5f3b5fcfdb0a85') in 0.427111 seconds 
========================================================================
Received Import Request.
  Time since last request: 0.000028 seconds.
  path: Assets/Fungus/Textures/OptionButtonPressed.png
  artifactKey: Guid(2e33a3f531b6adc4f9d8a99c83e2ba2d) Importer(815301076,1909f56bfc062723c751e8b465ee728b)
Start importing Assets/Fungus/Textures/OptionButtonPressed.png using Guid(2e33a3f531b6adc4f9d8a99c83e2ba2d) Importer(815301076,1909f56bfc062723c751e8b465ee728b)  -> (artifact id: 'be1cec1408149f1af98c8c78e617b71a') in 0.096529 seconds 
========================================================================
Received Import Request.
  Time since last request: 0.000021 seconds.
  path: Assets/FungusExamples/Sherlock/Portraits/Sherlock/texting.png
  artifactKey: Guid(d2c8a5a70bd6f11468f4d8ea151dec90) Importer(815301076,1909f56bfc062723c751e8b465ee728b)
Start importing Assets/FungusExamples/Sherlock/Portraits/Sherlock/texting.png using Guid(d2c8a5a70bd6f11468f4d8ea151dec90) Importer(815301076,1909f56bfc062723c751e8b465ee728b)  -> (artifact id: 'e2818d4e1928a502452b68e54d7f7732') in 0.605363 seconds 
========================================================================
Received Import Request.
  Time since last request: 0.000025 seconds.
  path: Assets/Sprite/gakuse-sho/オタク.png
  artifactKey: Guid(0f33f8b440243594488ec147dbdc90f5) Importer(815301076,1909f56bfc062723c751e8b465ee728b)
Start importing Assets/Sprite/gakuse-sho/オタク.png using Guid(0f33f8b440243594488ec147dbdc90f5) Importer(815301076,1909f56bfc062723c751e8b465ee728b)  -> (artifact id: 'af85545c3f896f873a880107db46ef26') in 0.102293 seconds 
========================================================================
Received Import Request.
  Time since last request: 0.000026 seconds.
  path: Assets/FungusExamples/TheHunter/Sprites/WaterfallForest.jpg
  artifactKey: Guid(abf7ee5b818ac485980005a2e5066fb0) Importer(815301076,1909f56bfc062723c751e8b465ee728b)
Start importing Assets/FungusExamples/TheHunter/Sprites/WaterfallForest.jpg using Guid(abf7ee5b818ac485980005a2e5066fb0) Importer(815301076,1909f56bfc062723c751e8b465ee728b)  -> (artifact id: 'c4c072b21e88b060324ad89972bd942d') in 0.499314 seconds 
========================================================================
Received Import Request.
  Time since last request: 0.000025 seconds.
  path: Assets/FungusExamples/TheHunter/Sprites/Waterfall.jpg
  artifactKey: Guid(e54c2166ac91140689c6f04097cab20e) Importer(815301076,1909f56bfc062723c751e8b465ee728b)
Start importing Assets/FungusExamples/TheHunter/Sprites/Waterfall.jpg using Guid(e54c2166ac91140689c6f04097cab20e) Importer(815301076,1909f56bfc062723c751e8b465ee728b)  -> (artifact id: 'a93b0e8cbbfdd45d61c8fe921620d7ef') in 0.500761 seconds 
========================================================================
Received Import Request.
  Time since last request: 0.000037 seconds.
  path: Assets/FungusExamples/JumpingPrax/Sprites/Switzerland.jpg
  artifactKey: Guid(4cba48f17d83f44828e13c3de6dc3aa1) Importer(815301076,1909f56bfc062723c751e8b465ee728b)
Start importing Assets/FungusExamples/JumpingPrax/Sprites/Switzerland.jpg using Guid(4cba48f17d83f44828e13c3de6dc3aa1) Importer(815301076,1909f56bfc062723c751e8b465ee728b)  -> (artifact id: '26e6d668141de82c165d53e22848a5ea') in 0.429463 seconds 
========================================================================
Received Import Request.
  Time since last request: 0.000019 seconds.
  path: Assets/Sprite/gakuse-sho/獣医.png
  artifactKey: Guid(8afde73dcb5624e43a6391726a9f3b3a) Importer(815301076,1909f56bfc062723c751e8b465ee728b)
Start importing Assets/Sprite/gakuse-sho/獣医.png using Guid(8afde73dcb5624e43a6391726a9f3b3a) Importer(815301076,1909f56bfc062723c751e8b465ee728b)  -> (artifact id: '1159d3f53947450992047e9cccec1c1d') in 0.108751 seconds 
========================================================================
Received Import Request.
  Time since last request: 0.000025 seconds.
  path: Assets/FungusExamples/Playground/Sprites/Hexagon.png
  artifactKey: Guid(d77e6458673a5ff4080857204d985f54) Importer(815301076,1909f56bfc062723c751e8b465ee728b)
Start importing Assets/FungusExamples/Playground/Sprites/Hexagon.png using Guid(d77e6458673a5ff4080857204d985f54) Importer(815301076,1909f56bfc062723c751e8b465ee728b)  -> (artifact id: 'eae222d0ac222aeb6d5834674e46d91b') in 0.376899 seconds 
========================================================================
Received Import Request.
  Time since last request: 0.000025 seconds.
  path: Assets/FungusExamples/Sherlock/Images/SaraMena.png
  artifactKey: Guid(4cb7c889915644b22a94212146500698) Importer(815301076,1909f56bfc062723c751e8b465ee728b)
Start importing Assets/FungusExamples/Sherlock/Images/SaraMena.png using Guid(4cb7c889915644b22a94212146500698) Importer(815301076,1909f56bfc062723c751e8b465ee728b)  -> (artifact id: '4cf42a37eb6736d785ff988b5b8857bb') in 0.197338 seconds 
========================================================================
Received Import Request.
  Time since last request: 0.000031 seconds.
  path: Assets/Sprite/GakuseMini/taiiku2.png
  artifactKey: Guid(053eb834bf34d844080353eb6cce7f05) Importer(815301076,1909f56bfc062723c751e8b465ee728b)
Start importing Assets/Sprite/GakuseMini/taiiku2.png using Guid(053eb834bf34d844080353eb6cce7f05) Importer(815301076,1909f56bfc062723c751e8b465ee728b)  -> (artifact id: '10870bed13654dc698cce8af4138e73d') in 0.034342 seconds 
========================================================================
Received Import Request.
  Time since last request: 0.000021 seconds.
  path: Assets/FungusExamples/TheFacility/Sprites/Vignette.png
  artifactKey: Guid(252b5a6bfbbc64f5184461a9150031bf) Importer(815301076,1909f56bfc062723c751e8b465ee728b)
Start importing Assets/FungusExamples/TheFacility/Sprites/Vignette.png using Guid(252b5a6bfbbc64f5184461a9150031bf) Importer(815301076,1909f56bfc062723c751e8b465ee728b)  -> (artifact id: '6212377d658336c9057760c10df1cfe4') in 0.583093 seconds 
========================================================================
Received Import Request.
  Time since last request: 0.000036 seconds.
  path: Assets/FungusExamples/TheHunter/Sprites/Skipper.psd
  artifactKey: Guid(ed14cc18e1e37449eb670f2613314102) Importer(815301076,1909f56bfc062723c751e8b465ee728b)
Start importing Assets/FungusExamples/TheHunter/Sprites/Skipper.psd using Guid(ed14cc18e1e37449eb670f2613314102) Importer(815301076,1909f56bfc062723c751e8b465ee728b)  -> (artifact id: '347824ae81fdce3672b327e28317e1f2') in 0.286244 seconds 
========================================================================
Received Import Request.
  Time since last request: 0.000026 seconds.
  path: Assets/FungusExamples/JumpingPrax/Sprites/GreenAlienFlustered.png
  artifactKey: Guid(f2e901e070fff48cda67e3f446d80e79) Importer(815301076,1909f56bfc062723c751e8b465ee728b)
Start importing Assets/FungusExamples/JumpingPrax/Sprites/GreenAlienFlustered.png using Guid(f2e901e070fff48cda67e3f446d80e79) Importer(815301076,1909f56bfc062723c751e8b465ee728b)  -> (artifact id: '83a6b02e1a55d64e82ab8e8a5e571838') in 0.274810 seconds 
========================================================================
Received Import Request.
  Time since last request: 0.000032 seconds.
  path: Assets/Sprite/GakuseMini/player.png
  artifactKey: Guid(6dada37c5dabeeb448ee90153ad1b521) Importer(815301076,1909f56bfc062723c751e8b465ee728b)
Start importing Assets/Sprite/GakuseMini/player.png using Guid(6dada37c5dabeeb448ee90153ad1b521) Importer(815301076,1909f56bfc062723c751e8b465ee728b)  -> (artifact id: '58d0d47ba8a2f935ed02379f9f6aea3d') in 0.120410 seconds 
========================================================================
Received Import Request.
  Time since last request: 0.000030 seconds.
  path: Assets/FungusExamples/Sherlock/Portraits/Sherlock/happy.png
  artifactKey: Guid(96ca91f43a9c1f74b970b59f46047e74) Importer(815301076,1909f56bfc062723c751e8b465ee728b)
Start importing Assets/FungusExamples/Sherlock/Portraits/Sherlock/happy.png using Guid(96ca91f43a9c1f74b970b59f46047e74) Importer(815301076,1909f56bfc062723c751e8b465ee728b)  -> (artifact id: '85616cdacdb77de0d9b87ae61464eb48') in 0.252528 seconds 
========================================================================
Received Import Request.
  Time since last request: 0.000018 seconds.
  path: Assets/Sprite/gakuse-sho/文学.png
  artifactKey: Guid(948c8a1563bc0c644b0e544adf36d4b1) Importer(815301076,1909f56bfc062723c751e8b465ee728b)
Start importing Assets/Sprite/gakuse-sho/文学.png using Guid(948c8a1563bc0c644b0e544adf36d4b1) Importer(815301076,1909f56bfc062723c751e8b465ee728b)  -> (artifact id: '9f37260604aa20bf9c582ba270f7810c') in 0.096722 seconds 
========================================================================
Received Import Request.
  Time since last request: 0.000028 seconds.
  path: Assets/FungusExamples/Sherlock/Portraits/Sherlock/smirk.png
  artifactKey: Guid(58f5b79d262f6814bb4ebb44e29efe90) Importer(815301076,1909f56bfc062723c751e8b465ee728b)
Start importing Assets/FungusExamples/Sherlock/Portraits/Sherlock/smirk.png using Guid(58f5b79d262f6814bb4ebb44e29efe90) Importer(815301076,1909f56bfc062723c751e8b465ee728b)  -> (artifact id: 'c3e39b682225791e6e1bad3d4282e7bf') in 0.623591 seconds 
========================================================================
Received Import Request.
  Time since last request: 0.000032 seconds.
  path: Assets/FungusExamples/Sherlock/Portraits/John/laughing.png
  artifactKey: Guid(d7af8fdea3ead3c4b8a4e54d014b255d) Importer(815301076,1909f56bfc062723c751e8b465ee728b)
Start importing Assets/FungusExamples/Sherlock/Portraits/John/laughing.png using Guid(d7af8fdea3ead3c4b8a4e54d014b255d) Importer(815301076,1909f56bfc062723c751e8b465ee728b)  -> (artifact id: '67e086698fe72b94c0e361493e49a74c') in 0.314015 seconds 
========================================================================
Received Import Request.
  Time since last request: 0.000028 seconds.
  path: Assets/Sprite/gakuse-sho/筋肉.png
  artifactKey: Guid(0f1a6ccdd60a9dc4887b5f049c2bf9dd) Importer(815301076,1909f56bfc062723c751e8b465ee728b)
Start importing Assets/Sprite/gakuse-sho/筋肉.png using Guid(0f1a6ccdd60a9dc4887b5f049c2bf9dd) Importer(815301076,1909f56bfc062723c751e8b465ee728b)  -> (artifact id: '5b1b47d9d12a7c2cb57bf42067562d2a') in 0.034154 seconds 
========================================================================
Received Import Request.
  Time since last request: 0.000045 seconds.
  path: Assets/FungusExamples/Playground/Sprites/Square.png
  artifactKey: Guid(3cb7c35a750699348a04840d1ae1be5e) Importer(815301076,1909f56bfc062723c751e8b465ee728b)
Start importing Assets/FungusExamples/Playground/Sprites/Square.png using Guid(3cb7c35a750699348a04840d1ae1be5e) Importer(815301076,1909f56bfc062723c751e8b465ee728b)  -> (artifact id: 'd89bcdea362c43e482c5780263c6dfd2') in 0.085668 seconds 
========================================================================
Received Import Request.
  Time since last request: 0.000021 seconds.
  path: Assets/FungusExamples/Sherlock/Portraits/John/suspicious.png
  artifactKey: Guid(59d7c816c1cfb9944b5a28dfbbfe2109) Importer(815301076,1909f56bfc062723c751e8b465ee728b)
Start importing Assets/FungusExamples/Sherlock/Portraits/John/suspicious.png using Guid(59d7c816c1cfb9944b5a28dfbbfe2109) Importer(815301076,1909f56bfc062723c751e8b465ee728b)  -> (artifact id: 'eacd0833f32d116f0a273b203b75b79b') in 0.341540 seconds 
========================================================================
Received Import Request.
  Time since last request: 0.000022 seconds.
  path: Assets/FungusExamples/JumpingPrax/Sprites/SmileyGreenAlienNerdy.png
  artifactKey: Guid(088536216c5364d2ba277595d378c215) Importer(815301076,1909f56bfc062723c751e8b465ee728b)
Start importing Assets/FungusExamples/JumpingPrax/Sprites/SmileyGreenAlienNerdy.png using Guid(088536216c5364d2ba277595d378c215) Importer(815301076,1909f56bfc062723c751e8b465ee728b)  -> (artifact id: '54a129c55b448785b20184a1d2e3a757') in 0.808676 seconds 
========================================================================
Received Import Request.
  Time since last request: 0.000031 seconds.
  path: Assets/FungusExamples/Sherlock/Portraits/John/neutral.png
  artifactKey: Guid(a79a4c2e96ba5fd418c637fe852e92d9) Importer(815301076,1909f56bfc062723c751e8b465ee728b)
Start importing Assets/FungusExamples/Sherlock/Portraits/John/neutral.png using Guid(a79a4c2e96ba5fd418c637fe852e92d9) Importer(815301076,1909f56bfc062723c751e8b465ee728b)  -> (artifact id: 'b4ff168b520abad6a548fb57d4b5f239') in 0.249787 seconds 
========================================================================
Received Import Request.
  Time since last request: 0.000024 seconds.
  path: Assets/FungusExamples/Sherlock/Portraits/Sherlock/scared.png
  artifactKey: Guid(448053637e8df7a42824234afeafa291) Importer(815301076,1909f56bfc062723c751e8b465ee728b)
Start importing Assets/FungusExamples/Sherlock/Portraits/Sherlock/scared.png using Guid(448053637e8df7a42824234afeafa291) Importer(815301076,1909f56bfc062723c751e8b465ee728b)  -> (artifact id: '6dabed4b8aa12528ef62019982134151') in 0.614404 seconds 
========================================================================
Received Import Request.
  Time since last request: 0.000022 seconds.
  path: Assets/Sprite/gakuse-sho/仏教.png
  artifactKey: Guid(ad11140612e77c0419dc0fb6185cf857) Importer(815301076,1909f56bfc062723c751e8b465ee728b)
Start importing Assets/Sprite/gakuse-sho/仏教.png using Guid(ad11140612e77c0419dc0fb6185cf857) Importer(815301076,1909f56bfc062723c751e8b465ee728b)  -> (artifact id: '97b3cb969747c48fc4e1ea196f6fae23') in 0.286264 seconds 
========================================================================
Received Import Request.
  Time since last request: 0.000026 seconds.
  path: Assets/FungusExamples/FungusTown/Sprites/FungusLogo.png
  artifactKey: Guid(63bf7975446de4f0887eff3390fbb4ea) Importer(815301076,1909f56bfc062723c751e8b465ee728b)
Start importing Assets/FungusExamples/FungusTown/Sprites/FungusLogo.png using Guid(63bf7975446de4f0887eff3390fbb4ea) Importer(815301076,1909f56bfc062723c751e8b465ee728b)  -> (artifact id: '2ff4ccdcc1a9224b9ec4b00c02c26479') in 0.158965 seconds 
========================================================================
Received Import Request.
  Time since last request: 0.000028 seconds.
  path: Assets/FungusExamples/Sherlock/Portraits/John/pleased.png
  artifactKey: Guid(ab808050bc535a643afaf4755050339e) Importer(815301076,1909f56bfc062723c751e8b465ee728b)
Start importing Assets/FungusExamples/Sherlock/Portraits/John/pleased.png using Guid(ab808050bc535a643afaf4755050339e) Importer(815301076,1909f56bfc062723c751e8b465ee728b)  -> (artifact id: 'f1224a2d6398f5f490a583c2aa3483de') in 0.313434 seconds 
========================================================================
Received Import Request.
  Time since last request: 0.000019 seconds.
  path: Assets/FungusExamples/Sherlock/Portraits/John/pained.png
  artifactKey: Guid(636094c1361ce1b44b4ace0fc587d758) Importer(815301076,1909f56bfc062723c751e8b465ee728b)
Start importing Assets/FungusExamples/Sherlock/Portraits/John/pained.png using Guid(636094c1361ce1b44b4ace0fc587d758) Importer(815301076,1909f56bfc062723c751e8b465ee728b)  -> (artifact id: 'efe415b035f6c70bd34c4b148c12d9ae') in 0.310373 seconds 
========================================================================
Received Import Request.
  Time since last request: 0.000033 seconds.
  path: Assets/FungusExamples/Sherlock/Portraits/Sherlock/sherlock_neutral.png
  artifactKey: Guid(cec88ab3171afc54b92db075974123ea) Importer(815301076,1909f56bfc062723c751e8b465ee728b)
Start importing Assets/FungusExamples/Sherlock/Portraits/Sherlock/sherlock_neutral.png using Guid(cec88ab3171afc54b92db075974123ea) Importer(815301076,1909f56bfc062723c751e8b465ee728b)  -> (artifact id: '269b6be738cf5baf62f8022d64ebe388') in 0.226318 seconds 
========================================================================
Received Import Request.
  Time since last request: 0.000022 seconds.
  path: Assets/Fungus/Textures/settings.png
  artifactKey: Guid(8d3c80dd0c2904cdbb745cf481348a76) Importer(815301076,1909f56bfc062723c751e8b465ee728b)
Start importing Assets/Fungus/Textures/settings.png using Guid(8d3c80dd0c2904cdbb745cf481348a76) Importer(815301076,1909f56bfc062723c751e8b465ee728b)  -> (artifact id: '3086c895933451be3642a49a315b2cbb') in 0.236971 seconds 
========================================================================
Received Import Request.
  Time since last request: 0.000029 seconds.
  path: Assets/FungusExamples/Sherlock/Portraits/John/frustrated.png
  artifactKey: Guid(b14a874c86c5f6345ae0f84ec697575f) Importer(815301076,1909f56bfc062723c751e8b465ee728b)
Start importing Assets/FungusExamples/Sherlock/Portraits/John/frustrated.png using Guid(b14a874c86c5f6345ae0f84ec697575f) Importer(815301076,1909f56bfc062723c751e8b465ee728b)  -> (artifact id: '6c0ec2fc188d77484d0beaa18ff8a546') in 0.314231 seconds 
========================================================================
Received Import Request.
  Time since last request: 0.000026 seconds.
  path: Assets/FungusExamples/Sherlock/Portraits/Sherlock/sad.png
  artifactKey: Guid(6384dc397ea803d4abf0d1de10afb1c1) Importer(815301076,1909f56bfc062723c751e8b465ee728b)
Start importing Assets/FungusExamples/Sherlock/Portraits/Sherlock/sad.png using Guid(6384dc397ea803d4abf0d1de10afb1c1) Importer(815301076,1909f56bfc062723c751e8b465ee728b)  -> (artifact id: '0821406f70966ca4044818b0efadd676') in 0.396823 seconds 
========================================================================
Received Import Request.
  Time since last request: 0.000026 seconds.
  path: Assets/Sprite/gakuse-sho/kari.png
  artifactKey: Guid(27f5ed3e28b22fc448fc05c3677ca4d5) Importer(815301076,1909f56bfc062723c751e8b465ee728b)
Start importing Assets/Sprite/gakuse-sho/kari.png using Guid(27f5ed3e28b22fc448fc05c3677ca4d5) Importer(815301076,1909f56bfc062723c751e8b465ee728b)  -> (artifact id: '8ff3ec48e5b5997d4f27c08e7a2e215e') in 0.397675 seconds 
========================================================================
Received Import Request.
  Time since last request: 0.000023 seconds.
  path: Assets/FungusExamples/Playground/Sprites/Triangle.png
  artifactKey: Guid(946c61cb65f78df4394947a1ff1fce91) Importer(815301076,1909f56bfc062723c751e8b465ee728b)
Start importing Assets/FungusExamples/Playground/Sprites/Triangle.png using Guid(946c61cb65f78df4394947a1ff1fce91) Importer(815301076,1909f56bfc062723c751e8b465ee728b)  -> (artifact id: '373f6308cf57eee377300bf4b93ff4ec') in 0.023568 seconds 
Editor requested this worker to shutdown with reason: Scaling down because of idle timeout
AssetImportWorker is now disconnected from the server
Process exiting
Exiting without the bug reporter. Application will terminate with return code 0